# JRE version: OpenJDK Runtime Environment (Zulu 8.52.0.23-CA-win64) (8.0_282-b08) (build 1.8.0_282-b08)
# Java VM: OpenJDK 64-Bit Server VM (25.282-b08 mixed mode windows-amd64 compressed oops)
Heap:
 PSYoungGen      total 355328K, used 89829K [0x00000000d5580000, 0x00000000efc00000, 0x0000000100000000)
  eden space 325120K, 18% used [0x00000000d5580000,0x00000000d8fbb3a8,0x00000000e9300000)
  from space 30208K, 99% used [0x00000000eb980000,0x00000000ed6fe208,0x00000000ed700000)
  to   space 39424K, 0% used [0x00000000e9300000,0x00000000e9300000,0x00000000eb980000)
 ParOldGen       total 381440K, used 59737K [0x0000000080000000, 0x0000000097480000, 0x00000000d5580000)
  object space 381440K, 15% used [0x0000000080000000,0x0000000083a567f8,0x0000000097480000)
 Metaspace       used 92162K, capacity 96542K, committed 96792K, reserved 1132544K
  class space    used 12496K, capacity 13284K, committed 13352K, reserved 1048576K
GC Heap History (10 events):
Event: 5.414 GC heap before
{Heap before GC invocations=9 (full 2):
 PSYoungGen      total 246784K, used 227226K [0x00000000d5580000, 0x00000000e7480000, 0x0000000100000000)
  eden space 232960K, 92% used [0x00000000d5580000,0x00000000e2906910,0x00000000e3900000)
  from space 13824K, 76% used [0x00000000e4600000,0x00000000e505ff70,0x00000000e5380000)
  to   space 13312K, 0% used [0x00000000e3900000,0x00000000e3900000,0x00000000e4600000)
 ParOldGen       total 244736K, used 16315K [0x0000000080000000, 0x000000008ef00000, 0x00000000d5580000)
  object space 244736K, 6% used [0x0000000080000000,0x0000000080feef58,0x000000008ef00000)
 Metaspace       used 56627K, capacity 58914K, committed 59160K, reserved 1099776K
  class space    used 7776K, capacity 8222K, committed 8232K, reserved 1048576K
Event: 5.429 GC heap after
Heap after GC invocations=9 (full 2):
 PSYoungGen      total 246272K, used 13296K [0x00000000d5580000, 0x00000000ebd80000, 0x0000000100000000)
  eden space 232960K, 0% used [0x00000000d5580000,0x00000000d5580000,0x00000000e3900000)
  from space 13312K, 99% used [0x00000000e3900000,0x00000000e45fc040,0x00000000e4600000)
  to   space 23040K, 0% used [0x00000000ea700000,0x00000000ea700000,0x00000000ebd80000)
 ParOldGen       total 244736K, used 33197K [0x0000000080000000, 0x000000008ef00000, 0x00000000d5580000)
  object space 244736K, 13% used [0x0000000080000000,0x000000008206b518,0x000000008ef00000)
 Metaspace       used 56627K, capacity 58914K, committed 59160K, reserved 1099776K
  class space    used 7776K, capacity 8222K, committed 8232K, reserved 1048576K
}
Event: 5.429 GC heap before
{Heap before GC invocations=10 (full 3):
 PSYoungGen      total 246272K, used 13296K [0x00000000d5580000, 0x00000000ebd80000, 0x0000000100000000)
  eden space 232960K, 0% used [0x00000000d5580000,0x00000000d5580000,0x00000000e3900000)
  from space 13312K, 99% used [0x00000000e3900000,0x00000000e45fc040,0x00000000e4600000)
  to   space 23040K, 0% used [0x00000000ea700000,0x00000000ea700000,0x00000000ebd80000)
 ParOldGen       total 244736K, used 33197K [0x0000000080000000, 0x000000008ef00000, 0x00000000d5580000)
  object space 244736K, 13% used [0x0000000080000000,0x000000008206b518,0x000000008ef00000)
 Metaspace       used 56627K, capacity 58914K, committed 59160K, reserved 1099776K
  class space    used 7776K, capacity 8222K, committed 8232K, reserved 1048576K
Event: 5.584 GC heap after
Heap after GC invocations=10 (full 3):
 PSYoungGen      total 246272K, used 0K [0x00000000d5580000, 0x00000000ebd80000, 0x0000000100000000)
  eden space 232960K, 0% used [0x00000000d5580000,0x00000000d5580000,0x00000000e3900000)
  from space 13312K, 0% used [0x00000000e3900000,0x00000000e3900000,0x00000000e4600000)
  to   space 23040K, 0% used [0x00000000ea700000,0x00000000ea700000,0x00000000ebd80000)
 ParOldGen       total 381440K, used 42990K [0x0000000080000000, 0x0000000097480000, 0x00000000d5580000)
  object space 381440K, 11% used [0x0000000080000000,0x00000000829fbb08,0x0000000097480000)
 Metaspace       used 56556K, capacity 58680K, committed 59160K, reserved 1099776K
  class space    used 7754K, capacity 8183K, committed 8232K, reserved 1048576K
}
Event: 7.266 GC heap before
{Heap before GC invocations=11 (full 3):
 PSYoungGen      total 246272K, used 232960K [0x00000000d5580000, 0x00000000ebd80000, 0x0000000100000000)
  eden space 232960K, 100% used [0x00000000d5580000,0x00000000e3900000,0x00000000e3900000)
  from space 13312K, 0% used [0x00000000e3900000,0x00000000e3900000,0x00000000e4600000)
  to   space 23040K, 0% used [0x00000000ea700000,0x00000000ea700000,0x00000000ebd80000)
 ParOldGen       total 381440K, used 42990K [0x0000000080000000, 0x0000000097480000, 0x00000000d5580000)
  object space 381440K, 11% used [0x0000000080000000,0x00000000829fbb08,0x0000000097480000)
 Metaspace       used 71483K, capacity 75258K, committed 75544K, reserved 1114112K
  class space    used 10025K, capacity 10696K, committed 10792K, reserved 1048576K
Event: 7.286 GC heap after
Heap after GC invocations=11 (full 3):
 PSYoungGen      total 315904K, used 22808K [0x00000000d5580000, 0x00000000ebd80000, 0x0000000100000000)
  eden space 292864K, 0% used [0x00000000d5580000,0x00000000d5580000,0x00000000e7380000)
  from space 23040K, 98% used [0x00000000ea700000,0x00000000ebd461a0,0x00000000ebd80000)
  to   space 26112K, 0% used [0x00000000e8a80000,0x00000000e8a80000,0x00000000ea400000)
 ParOldGen       total 381440K, used 43062K [0x0000000080000000, 0x0000000097480000, 0x00000000d5580000)
  object space 381440K, 11% used [0x0000000080000000,0x0000000082a0db18,0x0000000097480000)
 Metaspace       used 71483K, capacity 75258K, committed 75544K, reserved 1114112K
  class space    used 10025K, capacity 10696K, committed 10792K, reserved 1048576K
}
Event: 9.417 GC heap before
{Heap before GC invocations=12 (full 3):
 PSYoungGen      total 315904K, used 315672K [0x00000000d5580000, 0x00000000ebd80000, 0x0000000100000000)
  eden space 292864K, 100% used [0x00000000d5580000,0x00000000e7380000,0x00000000e7380000)
  from space 23040K, 98% used [0x00000000ea700000,0x00000000ebd461a0,0x00000000ebd80000)
  to   space 26112K, 0% used [0x00000000e8a80000,0x00000000e8a80000,0x00000000ea400000)
 ParOldGen       total 381440K, used 43062K [0x0000000080000000, 0x0000000097480000, 0x00000000d5580000)
  object space 381440K, 11% used [0x0000000080000000,0x0000000082a0db18,0x0000000097480000)
 Metaspace       used 78406K, capacity 82488K, committed 82840K, reserved 1120256K
  class space    used 10837K, capacity 11573K, committed 11688K, reserved 1048576K
Event: 9.432 GC heap after
Heap after GC invocations=12 (full 3):
 PSYoungGen      total 342528K, used 26080K [0x00000000d5580000, 0x00000000ed700000, 0x0000000100000000)
  eden space 316416K, 0% used [0x00000000d5580000,0x00000000d5580000,0x00000000e8a80000)
  from space 26112K, 99% used [0x00000000e8a80000,0x00000000ea3f8058,0x00000000ea400000)
  to   space 30208K, 0% used [0x00000000eb980000,0x00000000eb980000,0x00000000ed700000)
 ParOldGen       total 381440K, used 44525K [0x0000000080000000, 0x0000000097480000, 0x00000000d5580000)
  object space 381440K, 11% used [0x0000000080000000,0x0000000082b7b510,0x0000000097480000)
 Metaspace       used 78406K, capacity 82488K, committed 82840K, reserved 1120256K
  class space    used 10837K, capacity 11573K, committed 11688K, reserved 1048576K
}
Event: 28.113 GC heap before
{Heap before GC invocations=13 (full 3):
 PSYoungGen      total 342528K, used 342496K [0x00000000d5580000, 0x00000000ed700000, 0x0000000100000000)
  eden space 316416K, 100% used [0x00000000d5580000,0x00000000e8a80000,0x00000000e8a80000)
  from space 26112K, 99% used [0x00000000e8a80000,0x00000000ea3f8058,0x00000000ea400000)
  to   space 30208K, 0% used [0x00000000eb980000,0x00000000eb980000,0x00000000ed700000)
 ParOldGen       total 381440K, used 44525K [0x0000000080000000, 0x0000000097480000, 0x00000000d5580000)
  object space 381440K, 11% used [0x0000000080000000,0x0000000082b7b510,0x0000000097480000)
 Metaspace       used 86755K, capacity 91042K, committed 91288K, reserved 1128448K
  class space    used 11928K, capacity 12699K, committed 12712K, reserved 1048576K
Event: 28.147 GC heap after
Heap after GC invocations=13 (full 3):
 PSYoungGen      total 355328K, used 30200K [0x00000000d5580000, 0x00000000efc00000, 0x0000000100000000)
  eden space 325120K, 0% used [0x00000000d5580000,0x00000000d5580000,0x00000000e9300000)
  from space 30208K, 99% used [0x00000000eb980000,0x00000000ed6fe208,0x00000000ed700000)
  to   space 39424K, 0% used [0x00000000e9300000,0x00000000e9300000,0x00000000eb980000)
 ParOldGen       total 381440K, used 59737K [0x0000000080000000, 0x0000000097480000, 0x00000000d5580000)
  object space 381440K, 15% used [0x0000000080000000,0x0000000083a567f8,0x0000000097480000)
 Metaspace       used 86755K, capacity 91042K, committed 91288K, reserved 1128448K
  class space    used 11928K, capacity 12699K, committed 12712K, reserved 1048576K
}

